Arguments: 
  /usr/local/bin/node /usr/local/bin/yarn start

PATH: 
  /Library/Frameworks/Python.framework/Versions/3.6/bin:/Users/rakeshthakur/.rbenv/shims:/Users/rakeshthakur/.rbenv/shims:/Users/rakeshthakur/.gem/ruby/2.5.1X/bin:/usr/local/mysql/bin:/usr/local/bin:/usr/bin:/bin:/usr/sbin:/sbin:/Applications/VMware Fusion.app/Contents/Public:/usr/local/go/bin

Yarn version: 
  1.5.1

Node version: 
  6.11.4

Platform: 
  darwin x64

npm manifest: 
  {
      "name": "react-app",
      "version": "1.0.0",
      "description": "",
      "author": "rake7h",
      "license": "ISC",
      "private": true,
      "main": "index.js",
      "scripts": {
          "start": "node server.js",
          "dev": "webpack --mode development",
          "build": "webpack --mode production",
          "lint": "eslint src && sass-lint"
      },
      "devDependencies": {
          "babel-core": "^6.26.3",
          "babel-eslint": "^8.2.6",
          "babel-loader": "^7.1.4",
          "babel-preset-env": "^1.7.0",
          "babel-preset-react": "^6.24.1",
          "classnames": "^2.2.6",
          "clean-webpack-plugin": "^0.1.19",
          "css-loader": "^1.0.0",
          "eslint": "^4.9.0",
          "eslint-config-airbnb": "^16.1.0",
          "eslint-loader": "^2.1.0",
          "eslint-plugin-import": "^2.7.0",
          "eslint-plugin-jsx-a11y": "^6.0.2",
          "eslint-plugin-react": "^7.4.0",
          "file-loader": "^1.1.11",
          "html-loader": "^0.5.5",
          "html-webpack-plugin": "^3.2.0",
          "node-sass": "^4.9.2",
          "prop-types": "^15.6.1",
          "react-router": "^4.3.1",
          "sass-lint": "^1.12.1",
          "sass-loader": "^7.0.3",
          "style-loader": "^0.21.0",
          "url-loader": "^1.0.1",
          "webpack": "^4.11.1",
          "webpack-cli": "^3.0.2",
          "webpack-dev-middleware": "^3.1.3",
          "webpack-dev-server": "^3.1.4",
          "webpack-hot-middleware": "^2.22.3"
      },
      "dependencies": {
          "express": "^4.16.3",
          "react": "^16.4.0",
          "react-dom": "^16.4.0"
      },
      "engines": {
          "node": "^8.4.0"
      }
  }

yarn manifest: 
  No manifest

Lockfile: 
  No lockfile

Trace: 
  Error: Command failed.
  Exit code: 1
  Command: sh
  Arguments: -c node server.js
  Directory: /Users/rakeshthakur/Desktop/bs-test/react
  Output:
  
      at ProcessTermError.Error (native)
      at ProcessTermError.MessageError (/usr/local/lib/node_modules/yarn/lib/cli.js:186:110)
      at new ProcessTermError (/usr/local/lib/node_modules/yarn/lib/cli.js:226:113)
      at ChildProcess.<anonymous> (/usr/local/lib/node_modules/yarn/lib/cli.js:30281:17)
      at emitTwo (events.js:106:13)
      at ChildProcess.emit (events.js:191:7)
      at maybeClose (internal/child_process.js:920:16)
      at Process.ChildProcess._handle.onexit (internal/child_process.js:230:5)
